{"C:\\Users\\AYŞE TAŞ\\Desktop\\Yeni klasör (3)\\components\\ShoppingBasketNew.vue": {"path":"C:\\Users\\AYŞE TAŞ\\Desktop\\Yeni klasör (3)\\components\\ShoppingBasketNew.vue","statementMap":{"0":{"start":{"line":81,"column":0},"end":{"line":81,"column":null}},"1":{"start":{"line":82,"column":0},"end":{"line":82,"column":null}},"2":{"start":{"line":84,"column":0},"end":{"line":84,"column":null}},"3":{"start":{"line":85,"column":0},"end":{"line":85,"column":null}},"4":{"start":{"line":88,"column":0},"end":{"line":88,"column":null}},"5":{"start":{"line":141,"column":0},"end":{"line":150,"column":null}},"6":{"start":{"line":142,"column":0},"end":{"line":142,"column":null}},"7":{"start":{"line":143,"column":0},"end":{"line":146,"column":null}},"8":{"start":{"line":144,"column":0},"end":{"line":144,"column":null}},"9":{"start":{"line":145,"column":0},"end":{"line":145,"column":null}},"10":{"start":{"line":149,"column":0},"end":{"line":149,"column":null}}},"fnMap":{"0":{"name":"(anonymous_2)","decl":{"start":{"line":87,"column":0},"end":{"line":87,"column":null}},"loc":{"start":{"line":87,"column":0},"end":{"line":135,"column":null}}},"1":{"name":"(anonymous_3)","decl":{"start":{"line":140,"column":0},"end":{"line":140,"column":null}},"loc":{"start":{"line":140,"column":0},"end":{"line":152,"column":null}}},"2":{"name":"(anonymous_4)","decl":{"start":{"line":143,"column":0},"end":{"line":143,"column":null}},"loc":{"start":{"line":143,"column":0},"end":{"line":146,"column":null}}},"3":{"name":"(anonymous_5)","decl":{"start":{"line":144,"column":0},"end":{"line":144,"column":null}},"loc":{"start":{"line":144,"column":0},"end":{"line":144,"column":null}}}},"branchMap":{},"s":{"0":1,"1":1,"2":1,"3":1,"4":1,"5":1,"6":1,"7":0,"8":0,"9":0,"10":1},"f":{"0":1,"1":1,"2":0,"3":0},"b":{}}
}
